<?xml version="1.0" encoding="UTF-8"?>
<testsuite name="FunctionalTest" tests="1" skipped="0" failures="0" errors="0" timestamp="2017-11-15T17:32:33" hostname="d-dyachenko" time="0.006">
  <properties/>
  <testcase name="testTheInterpretator" classname="FunctionalTest" time="0.006"/>
  <system-out><![CDATA[Come in
Spaghetti is too tasty
]]></system-out>
  <system-err><![CDATA[]]></system-err>
</testsuite>
