<?xml version="1.0" encoding="UTF-8"?>
<testsuite name="MainCommandsTest" tests="5" skipped="0" failures="0" errors="0" timestamp="2017-11-15T17:32:33" hostname="d-dyachenko" time="0.0">
  <properties/>
  <testcase name="moveCaretRightTest" classname="MainCommandsTest" time="0.0"/>
  <testcase name="incrementTest" classname="MainCommandsTest" time="0.0"/>
  <testcase name="decrementTest" classname="MainCommandsTest" time="0.0"/>
  <testcase name="moveCaretLeftTest" classname="MainCommandsTest" time="0.0"/>
  <testcase name="loopStartTest" classname="MainCommandsTest" time="0.0"/>
  <system-out><![CDATA[]]></system-out>
  <system-err><![CDATA[]]></system-err>
</testsuite>
